<?xml version="1.0" encoding="UTF-8"?>
<testsuite xmlns:xsi="http://www.w3.org/2001/XMLSchema-instance" xsi:noNamespaceSchemaLocation="https://maven.apache.org/surefire/maven-surefire-plugin/xsd/surefire-test-report-3.0.xsd" version="3.0" name="com.TestRun.TestRunner" time="66.166" tests="2" errors="0" skipped="0" failures="0">
  <properties>
[...]
</properties>
  <testcase name="Title of your scenario new outline" classname="Title of your feature" time="63.114">
    <system-out><![CDATA[
@tag4
Scenario: Title of your scenario new outline &amp#27;[90m# features/newCucumFeat.feature:18&amp#27;[0m

@tag3
Scenario: Title of your scenario new outline &amp#27;[90m# features/newCucumFeat.feature:13&amp#27;[0m
hello world
hello world
  &amp#27;[32mGiven &amp#27;[0m&amp#27;[32mUser is on login page&amp#27;[0m                &amp#27;[90m# com.StepDef.NewCucumSteps.user_is_on_login_page()&amp#27;[0m
Entered username
  &amp#27;[32mWhen &amp#27;[0m&amp#27;[32muser enters username&amp#27;[0m                  &amp#27;[90m# com.StepDef.NewCucumSteps.user_enters_username()&amp#27;[0m
  &amp#27;[32mGiven &amp#27;[0m&amp#27;[32mUser is on login page&amp#27;[0m                &amp#27;[90m# com.StepDef.NewCucumSteps.user_is_on_login_page()&amp#27;[0m
Entered username
  &amp#27;[32mWhen &amp#27;[0m&amp#27;[32muser enters username&amp#27;[0m                  &amp#27;[90m# com.StepDef.NewCucumSteps.user_enters_username()&amp#27;[0m
Login success
  &amp#27;[32mThen &amp#27;[0m&amp#27;[32mlogin should be successful&amp#27;[0m            &amp#27;[90m# com.StepDef.NewCucumSteps.login_should_be_successful()&amp#27;[0m
Login success
  &amp#27;[32mThen &amp#27;[0m&amp#27;[32mlogin should be successful&amp#27;[0m            &amp#27;[90m# com.StepDef.NewCucumSteps.login_should_be_successful()&amp#27;[0m
]]></system-out>
    <system-err><![CDATA[[ForkJoinPool-1-worker-3] INFO io.github.bonigarcia.wdm.WebDriverManager - Using chromedriver 145.0.7632.117 (resolved driver for Chrome 145)
[ForkJoinPool-1-worker-1] INFO io.github.bonigarcia.wdm.WebDriverManager - Using chromedriver 145.0.7632.117 (resolved driver for Chrome 145)
[ForkJoinPool-1-worker-3] INFO io.github.bonigarcia.wdm.online.Downloader - Downloading https://storage.googleapis.com/chrome-for-testing-public/145.0.7632.117/win64/chromedriver-win64.zip
[ForkJoinPool-1-worker-1] INFO io.github.bonigarcia.wdm.online.Downloader - Downloading https://storage.googleapis.com/chrome-for-testing-public/145.0.7632.117/win64/chromedriver-win64.zip
[ForkJoinPool-1-worker-3] INFO io.github.bonigarcia.wdm.online.Downloader - Extracting driver from compressed file chromedriver-win64.zip
[ForkJoinPool-1-worker-3] INFO io.github.bonigarcia.wdm.WebDriverManager - Exporting webdriver.chrome.driver as C:\Users\PC\.cache\selenium\chromedriver\win64\145.0.7632.117\chromedriver.exe
[ForkJoinPool-1-worker-1] INFO io.github.bonigarcia.wdm.online.Downloader - Extracting driver from compressed file chromedriver-win64.zip
[ForkJoinPool-1-worker-1] INFO io.github.bonigarcia.wdm.WebDriverManager - Exporting webdriver.chrome.driver as C:\Users\PC\.cache\selenium\chromedriver\win64\145.0.7632.117\chromedriver.exe
Feb 24, 2026 10:00:14 PM org.openqa.selenium.devtools.CdpVersionFinder findNearestMatch
WARNING: Unable to find CDP implementation matching 145
Feb 24, 2026 10:00:14 PM org.openqa.selenium.chromium.ChromiumDriver lambda$new$5
WARNING: Unable to find version of CDP to use for 145.0.7632.117. You may need to include a dependency on a specific version of the CDP using something similar to `org.seleniumhq.selenium:selenium-devtools-v86:4.18.1` where the version ("v86") matches the version of the chromium-based browser you're using and the version number of the artifact is the same as Selenium's.
Feb 24, 2026 10:00:14 PM org.openqa.selenium.devtools.CdpVersionFinder findNearestMatch
WARNING: Unable to find CDP implementation matching 145
Feb 24, 2026 10:00:14 PM org.openqa.selenium.chromium.ChromiumDriver lambda$new$5
WARNING: Unable to find version of CDP to use for 145.0.7632.117. You may need to include a dependency on a specific version of the CDP using something similar to `org.seleniumhq.selenium:selenium-devtools-v86:4.18.1` where the version ("v86") matches the version of the chromium-based browser you're using and the version number of the artifact is the same as Selenium's.
]]></system-err>
  </testcase>
  <testcase name="Title of your scenario new outline" classname="Title of your feature" time="64.177"/>
</testsuite>